info it worked if it ends with ok
verbose cli [ 'node', '/usr/bin/npm', 'install', '-g', 'nodemon' ]
info using npm@1.1.21
info using node@v0.6.18
verbose /usr/bin/node node symlink
verbose config file /home/john/.npmrc
verbose config file /usr/etc/npmrc
verbose config file /usr/lib/nodejs/npm/npmrc
verbose cache add [ 'nodemon', null ]
silly cache add: name, spec, args [ undefined, 'nodemon', [ 'nodemon', null ] ]
verbose parsed url { pathname: 'nodemon', path: 'nodemon', href: 'nodemon' }
verbose addNamed [ 'nodemon', '' ]
verbose addNamed [ null, '' ]
silly name, range, hasData [ 'nodemon', '', false ]
verbose raw, before any munging nodemon
verbose url resolving [ 'https://registry.npmjs.org/', './nodemon' ]
verbose url resolved https://registry.npmjs.org/nodemon
verbose etag "7MGE57MK82ATOZ02BEEEVYAI7"
http GET https://registry.npmjs.org/nodemon
http 304 https://registry.npmjs.org/nodemon
silly get cb [ 304,
silly get cb   { server: 'CouchDB/1.2.0 (Erlang OTP/R15B)',
silly get cb     etag: '"7MGE57MK82ATOZ02BEEEVYAI7"',
silly get cb     date: 'Tue, 19 Jun 2012 07:46:24 GMT',
silly get cb     'content-length': '0' } ]
verbose etag nodemon from cache
silly name, range, hasData 2 [ 'nodemon', '', true ]
silly versions [ 'nodemon',
silly versions   [ '0.1.4',
silly versions     '0.1.5',
silly versions     '0.1.6',
silly versions     '0.1.7',
silly versions     '0.1.8',
silly versions     '0.2.0',
silly versions     '0.2.1',
silly versions     '0.2.2',
silly versions     '0.3.0',
silly versions     '0.3.1',
silly versions     '0.3.2',
silly versions     '0.4.0',
silly versions     '0.4.1',
silly versions     '0.5.0',
silly versions     '0.5.1',
silly versions     '0.5.2',
silly versions     '0.5.3',
silly versions     '0.5.4',
silly versions     '0.5.5',
silly versions     '0.5.6',
silly versions     '0.5.7',
silly versions     '0.6.0',
silly versions     '0.6.1',
silly versions     '0.6.2',
silly versions     '0.6.3',
silly versions     '0.6.4',
silly versions     '0.6.5',
silly versions     '0.6.6',
silly versions     '0.6.7',
silly versions     '0.6.8',
silly versions     '0.6.9',
silly versions     '0.6.10',
silly versions     '0.6.10a',
silly versions     '0.6.11',
silly versions     '0.6.12',
silly versions     '0.6.13',
silly versions     '0.6.14',
silly versions     '0.6.15',
silly versions     '0.6.16',
silly versions     '0.6.17',
silly versions     '0.6.18',
silly versions     '0.6.19',
silly versions     '0.6.20' ] ]
verbose bin dist [ '0.6-ares1.7.5-DEV-evundefined-openssl0.9.8o-v83.6.6.25-linux-ia32-2.6.38-13-generic-pae',
verbose bin dist   { shasum: '83a6a1d9ee999f5ea78f49c64edafa2f432812f4',
verbose bin dist     tarball: 'http://registry.npmjs.org/nodemon/-/nodemon-0.6.20.tgz' } ]
verbose caching /home/john/.npm/nodemon/0.6.20/package/package.json
verbose loadDefaults nodemon@0.6.20
silly resolved [ { name: 'nodemon',
silly resolved     homepage: 'http://github.com/remy/nodemon',
silly resolved     author: { name: 'Remy Sharp', url: 'http://github.com/remy' },
silly resolved     bin: { nodemon: './nodemon.js' },
silly resolved     repository: { type: 'git', url: 'git://github.com/remy/nodemon.git' },
silly resolved     description: 'Simple monitor script for use during development of a node.js app.',
silly resolved     keywords: 
silly resolved      [ 'monitor',
silly resolved        'development',
silly resolved        'restart',
silly resolved        'autoload',
silly resolved        'reload',
silly resolved        'terminal' ],
silly resolved     version: '0.6.20',
silly resolved     preferGlobal: 'true',
silly resolved     licenses: [ { type: 'MIT', url: 'http://rem.mit-license.org' } ],
silly resolved     main: './nodemon',
silly resolved     _id: 'nodemon@0.6.20',
silly resolved     dependencies: {},
silly resolved     devDependencies: {},
silly resolved     optionalDependencies: {},
silly resolved     engines: { node: '*' },
silly resolved     _engineSupported: true,
silly resolved     _npmVersion: '1.1.21',
silly resolved     _nodeVersion: 'v0.6.18',
silly resolved     _defaultsLoaded: true,
silly resolved     _from: 'nodemon' } ]
info into /usr/lib nodemon@0.6.20
info installOne nodemon@0.6.20
verbose from cache /home/john/.npm/nodemon/0.6.20/package/package.json
info unbuild /usr/lib/node_modules/nodemon
verbose unpack /home/john/.npm/nodemon/0.6.20/package.tgz
silly gunzTarPerm modes [ '755', '644' ]
ERR! Error: EACCES, mkdir '/usr/lib/node_modules'
ERR! 
ERR! Please try running this command again as root/Administrator.
ERR! 
ERR! System Linux 2.6.38-13-generic-pae
ERR! command "node" "/usr/bin/npm" "install" "-g" "nodemon"
ERR! cwd /home/john/node-apps/express-apps/Test/SampleApp
ERR! node -v v0.6.18
ERR! npm -v 1.1.21
ERR! path /usr/lib/node_modules
ERR! fstream_path /usr/lib/node_modules/nodemon
ERR! fstream_type Directory
ERR! fstream_class DirWriter
ERR! code EACCES
ERR! message EACCES, mkdir '/usr/lib/node_modules'
ERR! errno {}
ERR! fstream_stack /usr/lib/nodejs/npm/node_modules/fstream/lib/writer.js:171:23
ERR! fstream_stack Object.oncomplete (/usr/lib/nodejs/npm/node_modules/mkdirp/index.js:42:17)
verbose exit [ 1, true ]
